<?xml version="1.0" encoding="UTF-8"?>
<!-- Generated by org.testng.reporters.JUnitXMLReporter -->
<testsuite hostname="EPBYMINW1906" tests="3" failures="0" timestamp="25 May 2015 15:35:17 GMT" time="0.094" errors="0">
  <testcase name="@BeforeTest setup" time="0.0" classname="CheckoutTest">
    <failure type="java.lang.IllegalStateException" message="The path to the driver executable must be set by the webdriver.chrome.driver system property; for more information, see http://code.google.com/p/selenium/wiki/ChromeDriver. The latest version can be downloaded from http://chromedriver.storage.googleapis.com/index.html">
      <![CDATA[java.lang.IllegalStateException: The path to the driver executable must be set by the webdriver.chrome.driver system property; for more information, see http://code.google.com/p/selenium/wiki/ChromeDriver. The latest version can be downloaded from http://chromedriver.storage.googleapis.com/index.html
	at com.google.common.base.Preconditions.checkState(Preconditions.java:197)
	at org.openqa.selenium.remote.service.DriverService.findExecutable(DriverService.java:110)
	at org.openqa.selenium.chrome.ChromeDriverService.access$000(ChromeDriverService.java:32)
	at org.openqa.selenium.chrome.ChromeDriverService$Builder.findDefaultExecutable(ChromeDriverService.java:118)
	at org.openqa.selenium.remote.service.DriverService$Builder.build(DriverService.java:291)
	at org.openqa.selenium.chrome.ChromeDriverService.createDefaultService(ChromeDriverService.java:82)
	at org.openqa.selenium.chrome.ChromeDriver.<init>(ChromeDriver.java:117)
	at CheckoutTest.setup(CheckoutTest.java:39)
... Removed 32 stack frames]]>
    </failure>
  </testcase> <!-- @BeforeTest setup -->
  <testcase name="@AfterTest clean" time="0.0" classname="CheckoutTest">
    <skipped/>
  </testcase> <!-- @AfterTest clean -->
  <testcase name="checkoutTest" time="0.001" classname="CheckoutTest">
    <skipped/>
  </testcase> <!-- checkoutTest -->
  <testcase name="oneCanExecuteRemoteTest" time="0.0" classname="RemoteDriverTest">
    <skipped/>
  </testcase> <!-- oneCanExecuteRemoteTest -->
  <testcase name="oneCanExecuteRemoteTest" time="0.0" classname="RemoteDriverTest">
    <skipped/>
  </testcase> <!-- oneCanExecuteRemoteTest -->
</testsuite>
