<html>
<head>
<title>TestNG:  Command line test</title>
<link href="../testng.css" rel="stylesheet" type="text/css" />
<link href="../my-testng.css" rel="stylesheet" type="text/css" />

<style type="text/css">
.log { display: none;} 
.stack-trace { display: none;} 
</style>
<script type="text/javascript">
<!--
function flip(e) {
  current = e.style.display;
  if (current == 'block') {
    e.style.display = 'none';
    return 0;
  }
  else {
    e.style.display = 'block';
    return 1;
  }
}

function toggleBox(szDivId, elem, msg1, msg2)
{
  var res = -1;  if (document.getElementById) {
    res = flip(document.getElementById(szDivId));
  }
  else if (document.all) {
    // this is the way old msie versions work
    res = flip(document.all[szDivId]);
  }
  if(elem) {
    if(res == 0) elem.innerHTML = msg1; else elem.innerHTML = msg2;
  }

}

function toggleAllBoxes() {
  if (document.getElementsByTagName) {
    d = document.getElementsByTagName('div');
    for (i = 0; i < d.length; i++) {
      if (d[i].className == 'log') {
        flip(d[i]);
      }
    }
  }
}

// -->
</script>

</head>
<body>
<h2 align='center'>Command line test</h2><table border='1' align="center">
<tr>
<td>Tests passed/Failed/Skipped:</td><td>8/0/1</td>
</tr><tr>
<td>Started on:</td><td>Tue May 05 05:48:56 BRT 2015</td>
</tr>
<tr><td>Total time:</td><td>0 seconds (44 ms)</td>
</tr><tr>
<td>Included groups:</td><td></td>
</tr><tr>
<td>Excluded groups:</td><td></td>
</tr>
</table><p/>
<small><i>(Hover the method name to see the test class name)</i></small><p/>
<table width='100%' border='1' class='invocation-passed'>
<tr><td colspan='4' align='center'><b>PASSED TESTS</b></td></tr>
<tr><td><b>Test method</b></td>
<td width="30%"><b>Exception</b></td>
<td width="10%"><b>Time (seconds)</b></td>
<td><b>Instance</b></td>
</tr>
<tr>
<td title='FinderTest.findByDescTypeTest()'><b>findByDescTypeTest</b><br>Test class: FinderTest<br>Parameters: [com.epam.cdp.byta2015.tourist.model.Shopping@541114e8, com.epam.cdp.byta2015.tourist.model.Shopping@2d73b676, com.epam.cdp.byta2015.tourist.model.Cruise@7d0144a, com.epam.cdp.byta2015.tourist.model.Cruise@6de40a47, com.epam.cdp.byta2015.tourist.model.Excursion@165ef3ae, com.epam.cdp.byta2015.tourist.model.Excursion@33d02ffb]</td>
<td></td>
<td>0</td>
<td>FinderTest@58bead4f</td></tr>
<tr>
<td title='FinderTest.findByFoodTest()'><b>findByFoodTest</b><br>Test class: FinderTest<br>Parameters: [com.epam.cdp.byta2015.tourist.model.Shopping@28fe2250, com.epam.cdp.byta2015.tourist.model.Shopping@447ec736, com.epam.cdp.byta2015.tourist.model.Cruise@5f48cd5b, com.epam.cdp.byta2015.tourist.model.Cruise@24a2423c, com.epam.cdp.byta2015.tourist.model.Excursion@18aa83ee, com.epam.cdp.byta2015.tourist.model.Excursion@62bb8ae8]</td>
<td></td>
<td>0</td>
<td>FinderTest@58bead4f</td></tr>
<tr>
<td title='FinderTest.findByPriceExceptionTest()'><b>findByPriceExceptionTest</b><br>Test class: FinderTest<br>Parameters: [com.epam.cdp.byta2015.tourist.model.Shopping@69cb7fc, com.epam.cdp.byta2015.tourist.model.Shopping@1af304c8, com.epam.cdp.byta2015.tourist.model.Cruise@48bef44a, com.epam.cdp.byta2015.tourist.model.Cruise@70984b95, com.epam.cdp.byta2015.tourist.model.Excursion@1e8a5cf3, com.epam.cdp.byta2015.tourist.model.Excursion@ddc652f]</td>
<td><div><pre>com.epam.cdp.byta2015.tourist.exceptions.FindByPriceException: [FindByTypeException]: There are not records with price =&apos;777&apos;!
	at com.epam.cdp.byta2015.tourist.services.Finder.findByPrice(Finder.java:122)
	at FinderTest.findByPriceExceptionTest(FinderTest.java:212)
... Removed 34 stack frames</pre></div><a href='#' onClick='toggleBox("stack-trace114171290", this, "Click to show all stack frames", "Click to hide stack frames")'>Click to show all stack frames</a>
<div class='stack-trace' id='stack-trace114171290'><pre>com.epam.cdp.byta2015.tourist.exceptions.FindByPriceException: [FindByTypeException]: There are not records with price =&apos;777&apos;!
	at com.epam.cdp.byta2015.tourist.services.Finder.findByPrice(Finder.java:122)
	at FinderTest.findByPriceExceptionTest(FinderTest.java:212)
	at sun.reflect.NativeMethodAccessorImpl.invoke0(Native Method)
	at sun.reflect.NativeMethodAccessorImpl.invoke(NativeMethodAccessorImpl.java:57)
	at sun.reflect.DelegatingMethodAccessorImpl.invoke(DelegatingMethodAccessorImpl.java:43)
	at java.lang.reflect.Method.invoke(Method.java:606)
	at org.testng.internal.MethodInvocationHelper.invokeMethod(MethodInvocationHelper.java:85)
	at org.testng.internal.Invoker.invokeMethod(Invoker.java:696)
	at org.testng.internal.Invoker.invokeTestMethod(Invoker.java:882)
	at org.testng.internal.Invoker.invokeTestMethods(Invoker.java:1189)
	at org.testng.internal.TestMethodWorker.invokeTestMethods(TestMethodWorker.java:124)
	at org.testng.internal.TestMethodWorker.run(TestMethodWorker.java:108)
	at org.testng.TestRunner.privateRun(TestRunner.java:767)
	at org.testng.TestRunner.run(TestRunner.java:617)
	at org.testng.SuiteRunner.runTest(SuiteRunner.java:348)
	at org.testng.SuiteRunner.runSequentially(SuiteRunner.java:343)
	at org.testng.SuiteRunner.privateRun(SuiteRunner.java:305)
	at org.testng.SuiteRunner.run(SuiteRunner.java:254)
	at org.testng.SuiteRunnerWorker.runSuite(SuiteRunnerWorker.java:52)
	at org.testng.SuiteRunnerWorker.run(SuiteRunnerWorker.java:86)
	at org.testng.TestNG.runSuitesSequentially(TestNG.java:1224)
	at org.testng.TestNG.runSuitesLocally(TestNG.java:1149)
	at org.testng.TestNG.run(TestNG.java:1057)
	at org.apache.maven.surefire.testng.TestNGExecutor.run(TestNGExecutor.java:70)
	at org.apache.maven.surefire.testng.TestNGDirectoryTestSuite.executeMulti(TestNGDirectoryTestSuite.java:158)
	at org.apache.maven.surefire.testng.TestNGDirectoryTestSuite.execute(TestNGDirectoryTestSuite.java:98)
	at org.apache.maven.surefire.testng.TestNGProvider.invoke(TestNGProvider.java:111)
	at sun.reflect.NativeMethodAccessorImpl.invoke0(Native Method)
	at sun.reflect.NativeMethodAccessorImpl.invoke(NativeMethodAccessorImpl.java:57)
	at sun.reflect.DelegatingMethodAccessorImpl.invoke(DelegatingMethodAccessorImpl.java:43)
	at java.lang.reflect.Method.invoke(Method.java:606)
	at org.apache.maven.surefire.util.ReflectionUtils.invokeMethodWithArray(ReflectionUtils.java:164)
	at org.apache.maven.surefire.booter.ProviderFactory$ProviderProxy.invoke(ProviderFactory.java:110)
	at org.apache.maven.surefire.booter.SurefireStarter.invokeProvider(SurefireStarter.java:175)
	at org.apache.maven.surefire.booter.SurefireStarter.runSuitesInProcessWhenForked(SurefireStarter.java:107)
	at org.apache.maven.surefire.booter.ForkedBooter.main(ForkedBooter.java:68)
</pre></div></td>
<td>0</td>
<td>FinderTest@58bead4f</td></tr>
<tr>
<td title='FinderTest.findByPriceTest()'><b>findByPriceTest</b><br>Test class: FinderTest<br>Parameters: [com.epam.cdp.byta2015.tourist.model.Shopping@4a1c5fd5, com.epam.cdp.byta2015.tourist.model.Shopping@cd7bef6, com.epam.cdp.byta2015.tourist.model.Cruise@283a0f10, com.epam.cdp.byta2015.tourist.model.Cruise@7bb2f811, com.epam.cdp.byta2015.tourist.model.Excursion@22bc6389, com.epam.cdp.byta2015.tourist.model.Excursion@7e2ac92f]</td>
<td></td>
<td>0</td>
<td>FinderTest@58bead4f</td></tr>
<tr>
<td title='FinderTest.findByTransportTest()'><b>findByTransportTest</b><br>Test class: FinderTest<br>Parameters: [com.epam.cdp.byta2015.tourist.model.Shopping@2afe6d5f, com.epam.cdp.byta2015.tourist.model.Shopping@25be8e06, com.epam.cdp.byta2015.tourist.model.Cruise@15e3f46, com.epam.cdp.byta2015.tourist.model.Cruise@528c0d5d, com.epam.cdp.byta2015.tourist.model.Excursion@68c17f01, com.epam.cdp.byta2015.tourist.model.Excursion@77795061]</td>
<td></td>
<td>0</td>
<td>FinderTest@58bead4f</td></tr>
<tr>
<td title='FinderTest.findTours()'><b>findTours</b><br>Test class: FinderTest<br>Parameters: [com.epam.cdp.byta2015.tourist.model.Shopping@3d8c4d8e, com.epam.cdp.byta2015.tourist.model.Shopping@4637c533, com.epam.cdp.byta2015.tourist.model.Cruise@7773bb48, com.epam.cdp.byta2015.tourist.model.Cruise@4f0cb13c, com.epam.cdp.byta2015.tourist.model.Excursion@4a4802af, com.epam.cdp.byta2015.tourist.model.Excursion@3da85542]</td>
<td></td>
<td>0</td>
<td>FinderTest@58bead4f</td></tr>
<tr>
<td title='FileCheckerTest.prepareFileTest()'><b>prepareFileTest</b><br>Test class: FileCheckerTest</td>
<td></td>
<td>0</td>
<td>FileCheckerTest@4e644b0d</td></tr>
<tr>
<td title='ReaderTest.readAllTest()'><b>readAllTest</b><br>Test class: ReaderTest</td>
<td></td>
<td>0</td>
<td>ReaderTest@7b277da2</td></tr>
</table><p>
<table width='100%' border='1' class='invocation-skipped'>
<tr><td colspan='4' align='center'><b>SKIPPED TESTS</b></td></tr>
<tr><td><b>Test method</b></td>
<td width="30%"><b>Exception</b></td>
<td width="10%"><b>Time (seconds)</b></td>
<td><b>Instance</b></td>
</tr>
<tr>
<td title='SorterTest.sortByTest()'><b>sortByTest</b><br>Test class: SorterTest</td>
<td><div><pre>org.testng.TestNGException: 
Parameter &apos;sortParam&apos; is required by @Test on method sortByTest but has not been marked @Optional or defined

... Removed 32 stack frames</pre></div><a href='#' onClick='toggleBox("stack-trace829626432", this, "Click to show all stack frames", "Click to hide stack frames")'>Click to show all stack frames</a>
<div class='stack-trace' id='stack-trace829626432'><pre>org.testng.TestNGException: 
Parameter &apos;sortParam&apos; is required by @Test on method sortByTest but has not been marked @Optional or defined

	at org.testng.internal.Parameters.createParameters(Parameters.java:156)
	at org.testng.internal.Parameters.createParameters(Parameters.java:362)
	at org.testng.internal.Parameters.handleParameters(Parameters.java:452)
	at org.testng.internal.Invoker.handleParameters(Invoker.java:1335)
	at org.testng.internal.Invoker.createParameters(Invoker.java:1051)
	at org.testng.internal.Invoker.invokeTestMethods(Invoker.java:1140)
	at org.testng.internal.TestMethodWorker.invokeTestMethods(TestMethodWorker.java:124)
	at org.testng.internal.TestMethodWorker.run(TestMethodWorker.java:108)
	at org.testng.TestRunner.privateRun(TestRunner.java:767)
	at org.testng.TestRunner.run(TestRunner.java:617)
	at org.testng.SuiteRunner.runTest(SuiteRunner.java:348)
	at org.testng.SuiteRunner.runSequentially(SuiteRunner.java:343)
	at org.testng.SuiteRunner.privateRun(SuiteRunner.java:305)
	at org.testng.SuiteRunner.run(SuiteRunner.java:254)
	at org.testng.SuiteRunnerWorker.runSuite(SuiteRunnerWorker.java:52)
	at org.testng.SuiteRunnerWorker.run(SuiteRunnerWorker.java:86)
	at org.testng.TestNG.runSuitesSequentially(TestNG.java:1224)
	at org.testng.TestNG.runSuitesLocally(TestNG.java:1149)
	at org.testng.TestNG.run(TestNG.java:1057)
	at org.apache.maven.surefire.testng.TestNGExecutor.run(TestNGExecutor.java:70)
	at org.apache.maven.surefire.testng.TestNGDirectoryTestSuite.executeMulti(TestNGDirectoryTestSuite.java:158)
	at org.apache.maven.surefire.testng.TestNGDirectoryTestSuite.execute(TestNGDirectoryTestSuite.java:98)
	at org.apache.maven.surefire.testng.TestNGProvider.invoke(TestNGProvider.java:111)
	at sun.reflect.NativeMethodAccessorImpl.invoke0(Native Method)
	at sun.reflect.NativeMethodAccessorImpl.invoke(NativeMethodAccessorImpl.java:57)
	at sun.reflect.DelegatingMethodAccessorImpl.invoke(DelegatingMethodAccessorImpl.java:43)
	at java.lang.reflect.Method.invoke(Method.java:606)
	at org.apache.maven.surefire.util.ReflectionUtils.invokeMethodWithArray(ReflectionUtils.java:164)
	at org.apache.maven.surefire.booter.ProviderFactory$ProviderProxy.invoke(ProviderFactory.java:110)
	at org.apache.maven.surefire.booter.SurefireStarter.invokeProvider(SurefireStarter.java:175)
	at org.apache.maven.surefire.booter.SurefireStarter.runSuitesInProcessWhenForked(SurefireStarter.java:107)
	at org.apache.maven.surefire.booter.ForkedBooter.main(ForkedBooter.java:68)
</pre></div></td>
<td>0</td>
<td>SorterTest@1d914a39</td></tr>
</table><p>
</body>
</html>