<?xml version="1.0" encoding="UTF-8"?>
<!-- Generated by org.testng.reporters.JUnitXMLReporter -->
<testsuite hostname="Serg" tests="2" failures="1" timestamp="23 Apr 2015 20:25:48 GMT" time="0.08" errors="0">
  <testcase name="COMPARE_BY_DESC_TYPE_Test" time="0.029" classname="ServicesTest">
    <failure type="java.lang.AssertionError" message="COMPARE_BY_DESC_TYPE_Test expected [0] but found [-34]">
      <![CDATA[java.lang.AssertionError: COMPARE_BY_DESC_TYPE_Test expected [0] but found [-34]
	at ServicesTest.COMPARE_BY_DESC_TYPE_Test(ServicesTest.java:22)
... Removed 38 stack frames]]>
    </failure>
  </testcase> <!-- COMPARE_BY_DESC_TYPE_Test -->
  <testcase name="readAllTest" time="0.005" classname="ServicesTest"/>
</testsuite>
